<?xml version="1.0" encoding="UTF-8"?>
<!-- Generated by org.testng.reporters.JUnitXMLReporter -->
<testsuite ignored="0" hostname="DESKTOP-46BCDHA" failures="0" tests="4" name="Test" time="5.671" errors="0" timestamp="2023-05-16T01:45:04 IST">
  <testcase classname="TrelloApi" name="CreateBoard" time="2.417"/>
  <testcase classname="TrelloApi" name="updateBoard" time="0.714"/>
  <testcase classname="TrelloApi" name="getBoard" time="0.574"/>
  <testcase classname="TrelloApi" name="DeleteBoard" time="1.915"/>
</testsuite> <!-- Test -->
