<?xml version="1.0" encoding="UTF-8"?>
<testng-results ignored="0" total="4" passed="4" failed="0" skipped="0">
  <reporter-output>
  </reporter-output>
  <suite started-at="2023-05-16T01:44:59 IST" name="Suite" finished-at="2023-05-16T01:45:04 IST" duration-ms="5671">
    <groups>
    </groups>
    <test started-at="2023-05-16T01:44:59 IST" name="Test" finished-at="2023-05-16T01:45:04 IST" duration-ms="5671">
      <class name="TrelloApi">
        <test-method signature="CreateBoard()[pri:0, instance:TrelloApi@498d318c]" started-at="2023-05-16T01:44:59 IST" name="CreateBoard" finished-at="2023-05-16T01:45:01 IST" duration-ms="2417" status="PASS">
          <reporter-output>
          </reporter-output>
        </test-method> <!-- CreateBoard -->
        <test-method signature="updateBoard()[pri:1, instance:TrelloApi@498d318c]" started-at="2023-05-16T01:45:01 IST" name="updateBoard" finished-at="2023-05-16T01:45:02 IST" duration-ms="714" status="PASS">
          <reporter-output>
          </reporter-output>
        </test-method> <!-- updateBoard -->
        <test-method signature="getBoard()[pri:2, instance:TrelloApi@498d318c]" started-at="2023-05-16T01:45:02 IST" name="getBoard" finished-at="2023-05-16T01:45:03 IST" duration-ms="574" status="PASS">
          <reporter-output>
          </reporter-output>
        </test-method> <!-- getBoard -->
        <test-method signature="DeleteBoard()[pri:3, instance:TrelloApi@498d318c]" started-at="2023-05-16T01:45:03 IST" name="DeleteBoard" finished-at="2023-05-16T01:45:04 IST" duration-ms="1915" status="PASS">
          <reporter-output>
          </reporter-output>
        </test-method> <!-- DeleteBoard -->
      </class> <!-- TrelloApi -->
    </test> <!-- Test -->
  </suite> <!-- Suite -->
</testng-results>
